<?xml version="1.0" encoding="UTF-8"?>
<testng-results skipped="0" failed="0" ignored="0" total="2" passed="2">
  <reporter-output>
  </reporter-output>
  <suite name="Default suite" duration-ms="17083" started-at="2020-02-10T17:49:31Z" finished-at="2020-02-10T17:49:48Z">
    <groups>
    </groups>
    <test name="Default test" duration-ms="17083" started-at="2020-02-10T17:49:31Z" finished-at="2020-02-10T17:49:48Z">
      <class name="exceltask.Execution">
        <test-method status="PASS" signature="exec()[pri:0, instance:exceltask.Execution@7921b0a2]" name="exec" duration-ms="15546" started-at="2020-02-10T17:49:31Z" finished-at="2020-02-10T17:49:47Z">
          <reporter-output>
          </reporter-output>
        </test-method> <!-- exec -->
        <test-method status="PASS" signature="exec1()[pri:0, instance:exceltask.Execution@7921b0a2]" name="exec1" duration-ms="1486" started-at="2020-02-10T17:49:47Z" finished-at="2020-02-10T17:49:48Z">
          <reporter-output>
          </reporter-output>
        </test-method> <!-- exec1 -->
      </class> <!-- exceltask.Execution -->
    </test> <!-- Default test -->
  </suite> <!-- Default suite -->
</testng-results>
